<?xml version="1.0" encoding="UTF-8"?>
<!-- Generated by org.testng.reporters.JUnitReportReporter -->
<testsuite hostname="E5ML33130" failures="0" tests="2" name="com.bookswagon.execution.TC_Login_001" time="6.197" errors="0" timestamp="2020-02-18T20:39:37 CST" skipped="0">
  <testcase classname="com.bookswagon.execution.TC_Login_001" name="login" time="3.780"/>
  <testcase classname="com.bookswagon.execution.TC_Login_001" name="Search" time="2.417"/>
</testsuite> <!-- com.bookswagon.execution.TC_Login_001 -->
