<?xml version="1.0" encoding="UTF-8"?>
<!-- Generated by org.testng.reporters.JUnitReportReporter -->
<testsuite hostname="E5ML33130" failures="0" tests="1" name="com.bookswagon.execution.TC_SearchBooks_002" time="1.946" errors="0" timestamp="2020-02-18T20:39:37 CST" skipped="0">
  <testcase classname="com.bookswagon.execution.TC_SearchBooks_002" name="Search" time="1.946"/>
</testsuite> <!-- com.bookswagon.execution.TC_SearchBooks_002 -->
