<?xml version="1.0" encoding="UTF-8"?>
<!-- Generated by org.testng.reporters.JUnitReportReporter -->
<testsuite hostname="E5ML33130" failures="0" tests="2" name="com.bookswagon.execution.TC_Login_001" time="9.778" errors="0" timestamp="2020-02-18T22:45:45 CST" skipped="0">
  <testcase classname="com.bookswagon.execution.TC_Login_001" name="login" time="5.562"/>
  <testcase classname="com.bookswagon.execution.TC_Login_001" name="Search" time="4.216"/>
</testsuite> <!-- com.bookswagon.execution.TC_Login_001 -->
